<?xml version="1.0" encoding="UTF-8"?>
<!-- Generated by org.testng.reporters.JUnitReportReporter -->
<testsuite hostname="N" failures="0" tests="1" name="response.validation.GetAlrespval" time="3.991" errors="0" timestamp="2022-11-19T15:43:22 IST" skipped="0">
  <testcase classname="response.validation.GetAlrespval" name="respvalgetALL" time="3.991"/>
  <system-out/>
</testsuite> <!-- response.validation.GetAlrespval -->
