<?xml version="1.0" encoding="UTF-8"?>
<!-- Generated by org.testng.reporters.JUnitReportReporter -->
<testsuite hostname="N" failures="0" tests="1" name="rest_Assured.Curd.bdd.CreateUserTest" time="5.453" errors="0" timestamp="2022-11-18T14:40:36 IST" skipped="0">
  <testcase classname="rest_Assured.Curd.bdd.CreateUserTest" name="CreateUserBdd" time="5.453"/>
  <system-out/>
</testsuite> <!-- rest_Assured.Curd.bdd.CreateUserTest -->
