<?xml version="1.0" encoding="UTF-8"?>
<!-- Generated by org.testng.reporters.JUnitReportReporter -->
<testsuite hostname="N" failures="0" tests="1" name="rest_Assured_curdoperation.DeleteUser" time="3.993" errors="0" timestamp="2022-11-17T15:31:39 IST" skipped="0">
  <testcase classname="rest_Assured_curdoperation.DeleteUser" name="deleteuser" time="3.993"/>
  <system-out/>
</testsuite> <!-- rest_Assured_curdoperation.DeleteUser -->
