<?xml version="1.0" encoding="UTF-8"?>
<!-- Generated by org.testng.reporters.JUnitReportReporter -->
<testsuite hostname="N" failures="0" tests="1" name="rest_Assured_curdoperation.GetSingleData" time="4.620" errors="0" timestamp="2022-11-17T15:25:02 IST" skipped="0">
  <testcase classname="rest_Assured_curdoperation.GetSingleData" name="get1Data" time="4.620"/>
  <system-out/>
</testsuite> <!-- rest_Assured_curdoperation.GetSingleData -->
