<?xml version="1.0" encoding="UTF-8"?>
<!-- Generated by org.testng.reporters.JUnitReportReporter -->
<testsuite hostname="N" failures="0" tests="1" name="rest_Assured_curdoperation.PartialUpdate" time="4.686" errors="0" timestamp="2022-11-17T15:20:57 IST" skipped="0">
  <testcase classname="rest_Assured_curdoperation.PartialUpdate" name="pupdate" time="4.686"/>
  <system-out/>
</testsuite> <!-- rest_Assured_curdoperation.PartialUpdate -->
