<?xml version="1.0" encoding="UTF-8"?>
<!-- Generated by org.testng.reporters.JUnitReportReporter -->
<testsuite hostname="N" failures="0" tests="1" name="rest_Assured_curdoperation.UpdateUser" time="6.432" errors="0" timestamp="2022-11-17T15:14:36 IST" skipped="0">
  <testcase classname="rest_Assured_curdoperation.UpdateUser" name="updateUser" time="6.432"/>
  <system-out/>
</testsuite> <!-- rest_Assured_curdoperation.UpdateUser -->
