<?xml version="1.0" encoding="UTF-8"?>
<!-- Generated by org.testng.reporters.JUnitReportReporter -->
<testsuite hostname="N" failures="0" tests="1" name="rest_Assured_validaation.Responsebody_validation" time="13.797" errors="0" timestamp="2022-11-19T15:15:18 IST" skipped="0">
  <testcase classname="rest_Assured_validaation.Responsebody_validation" name="valid" time="13.797"/>
  <system-out/>
</testsuite> <!-- rest_Assured_validaation.Responsebody_validation -->
